87 4 8 41 70 54 66 56 18 50 25 39 84 64 26 33 92 5 31 35 61 10 34 19 82 24 51 52 16 15 63 97 7 57 77 43 59 62 90 30 6 99 75 13 47 1 67 20 58 44 91 2 12 11 81 55 45 29 38 93 48 85 60
87 4
87 63
4 60
8 5
8 99
8 54
41 39
70 33
54 16
66 39
66 77
66 55
56 64
56 13
18 25
18 43
50 90
50 91
84 55
64 33
64 26
26 63
26 45
26 12
26 58
33 48
92 30
92 34
92 15
92 1
31 35
31 38
35 93
35 24
61 60
10 11
10 43
34 99
19 7
82 20
24 20
51 20
52 81
16 59
16 75
63 44
63 57
97 13
7 67
57 29
77 43
62 93
90 93
30 91
6 99
13 47
47 1
67 85
67 55
20 81
91 2
55 93